[11-Feb-2021 18:54:43 UTC] PHP Fatal error:  Uncaught Error: Call to undefined function functions_exists() in C:\Users\NitroPC\Desktop\CURSO-WEBS\Misrecetas-wp\app\public\wp-content\themes\MisRecetas\functions.php:3
Stack trace:
#0 C:\Users\NitroPC\Desktop\CURSO-WEBS\Misrecetas-wp\app\public\wp-settings.php(525): include()
#1 C:\Users\NitroPC\Desktop\CURSO-WEBS\Misrecetas-wp\app\public\wp-config.php(77): require_once('C:\\Users\\NitroP...')
#2 C:\Users\NitroPC\Desktop\CURSO-WEBS\Misrecetas-wp\app\public\wp-load.php(37): require_once('C:\\Users\\NitroP...')
#3 C:\Users\NitroPC\Desktop\CURSO-WEBS\Misrecetas-wp\app\public\wp-blog-header.php(13): require_once('C:\\Users\\NitroP...')
#4 C:\Users\NitroPC\Desktop\CURSO-WEBS\Misrecetas-wp\app\public\index.php(17): require('C:\\Users\\NitroP...')
#5 {main}
  thrown in C:\Users\NitroPC\Desktop\CURSO-WEBS\Misrecetas-wp\app\public\wp-content\themes\MisRecetas\functions.php on line 3
[11-Feb-2021 18:54:45 UTC] PHP Fatal error:  Uncaught Error: Call to undefined function functions_exists() in C:\Users\NitroPC\Desktop\CURSO-WEBS\Misrecetas-wp\app\public\wp-content\themes\MisRecetas\functions.php:3
Stack trace:
#0 C:\Users\NitroPC\Desktop\CURSO-WEBS\Misrecetas-wp\app\public\wp-settings.php(525): include()
#1 C:\Users\NitroPC\Desktop\CURSO-WEBS\Misrecetas-wp\app\public\wp-config.php(77): require_once('C:\\Users\\NitroP...')
#2 C:\Users\NitroPC\Desktop\CURSO-WEBS\Misrecetas-wp\app\public\wp-load.php(37): require_once('C:\\Users\\NitroP...')
#3 C:\Users\NitroPC\Desktop\CURSO-WEBS\Misrecetas-wp\app\public\wp-admin\admin-ajax.php(22): require_once('C:\\Users\\NitroP...')
#4 {main}
  thrown in C:\Users\NitroPC\Desktop\CURSO-WEBS\Misrecetas-wp\app\public\wp-content\themes\MisRecetas\functions.php on line 3
[11-Feb-2021 18:56:03 UTC] PHP Parse error:  syntax error, unexpected 'register_nav_menus' (T_STRING) in C:\Users\NitroPC\Desktop\CURSO-WEBS\Misrecetas-wp\app\public\wp-content\themes\MisRecetas\functions.php on line 8
[11-Feb-2021 19:05:02 UTC] PHP Parse error:  syntax error, unexpected ':' in C:\Users\NitroPC\Desktop\CURSO-WEBS\Misrecetas-wp\app\public\wp-content\themes\MisRecetas\header.php on line 14
[11-Feb-2021 19:05:39 UTC] PHP Parse error:  syntax error, unexpected ':' in C:\Users\NitroPC\Desktop\CURSO-WEBS\Misrecetas-wp\app\public\wp-content\themes\MisRecetas\header.php on line 13
[11-Feb-2021 19:05:41 UTC] PHP Parse error:  syntax error, unexpected ':' in C:\Users\NitroPC\Desktop\CURSO-WEBS\Misrecetas-wp\app\public\wp-content\themes\MisRecetas\header.php on line 13
[11-Feb-2021 19:05:41 UTC] PHP Parse error:  syntax error, unexpected ':' in C:\Users\NitroPC\Desktop\CURSO-WEBS\Misrecetas-wp\app\public\wp-content\themes\MisRecetas\header.php on line 13
[11-Feb-2021 19:05:41 UTC] PHP Parse error:  syntax error, unexpected ':' in C:\Users\NitroPC\Desktop\CURSO-WEBS\Misrecetas-wp\app\public\wp-content\themes\MisRecetas\header.php on line 13
